15-Nov-2024 11:33:29.063 WARNING [main] org.apache.tomcat.util.digester.SetPropertiesRule.begin Match [Server/Service/Connector] failed to set property [clientAuth] to [false]
15-Nov-2024 11:33:29.126 INFO [main] org.apache.catalina.startup.VersionLoggerListener.log Server version name:   Apache Tomcat/11.0.0
15-Nov-2024 11:33:29.130 INFO [main] org.apache.catalina.startup.VersionLoggerListener.log Server built:          Oct 3 2024 17:00:16 UTC
15-Nov-2024 11:33:29.130 INFO [main] org.apache.catalina.startup.VersionLoggerListener.log Server version number: 11.0.0.0
15-Nov-2024 11:33:29.130 INFO [main] org.apache.catalina.startup.VersionLoggerListener.log OS Name:               Windows 11
15-Nov-2024 11:33:29.130 INFO [main] org.apache.catalina.startup.VersionLoggerListener.log OS Version:            10.0
15-Nov-2024 11:33:29.130 INFO [main] org.apache.catalina.startup.VersionLoggerListener.log Architecture:          amd64
15-Nov-2024 11:33:29.130 INFO [main] org.apache.catalina.startup.VersionLoggerListener.log Java Home:             C:\jdk-21.0.1
15-Nov-2024 11:33:29.130 INFO [main] org.apache.catalina.startup.VersionLoggerListener.log JVM Version:           21.0.1+12-29
15-Nov-2024 11:33:29.130 INFO [main] org.apache.catalina.startup.VersionLoggerListener.log JVM Vendor:            Oracle Corporation
15-Nov-2024 11:33:29.130 INFO [main] org.apache.catalina.startup.VersionLoggerListener.log CATALINA_BASE:         C:\Users\hp\Documents\Esami In Corso\System Sec\Homework\SysSec\HW3\apache-tomcat-11.0.0
15-Nov-2024 11:33:29.130 INFO [main] org.apache.catalina.startup.VersionLoggerListener.log CATALINA_HOME:         C:\Users\hp\Documents\Esami In Corso\System Sec\Homework\SysSec\HW3\apache-tomcat-11.0.0
15-Nov-2024 11:33:29.130 INFO [main] org.apache.catalina.startup.VersionLoggerListener.log Command line argument: -Djava.util.logging.config.file=C:\Users\hp\Documents\Esami In Corso\System Sec\Homework\SysSec\HW3\apache-tomcat-11.0.0\conf\logging.properties
15-Nov-2024 11:33:29.130 INFO [main] org.apache.catalina.startup.VersionLoggerListener.log Command line argument: -Djava.util.logging.manager=org.apache.juli.ClassLoaderLogManager
15-Nov-2024 11:33:29.130 INFO [main] org.apache.catalina.startup.VersionLoggerListener.log Command line argument: -Djdk.tls.ephemeralDHKeySize=2048
15-Nov-2024 11:33:29.130 INFO [main] org.apache.catalina.startup.VersionLoggerListener.log Command line argument: --add-opens=java.base/java.lang=ALL-UNNAMED
15-Nov-2024 11:33:29.130 INFO [main] org.apache.catalina.startup.VersionLoggerListener.log Command line argument: --add-opens=java.base/java.io=ALL-UNNAMED
15-Nov-2024 11:33:29.130 INFO [main] org.apache.catalina.startup.VersionLoggerListener.log Command line argument: --add-opens=java.base/java.util=ALL-UNNAMED
15-Nov-2024 11:33:29.130 INFO [main] org.apache.catalina.startup.VersionLoggerListener.log Command line argument: --add-opens=java.base/java.util.concurrent=ALL-UNNAMED
15-Nov-2024 11:33:29.130 INFO [main] org.apache.catalina.startup.VersionLoggerListener.log Command line argument: --add-opens=java.rmi/sun.rmi.transport=ALL-UNNAMED
15-Nov-2024 11:33:29.130 INFO [main] org.apache.catalina.startup.VersionLoggerListener.log Command line argument: --enable-native-access=ALL-UNNAMED
15-Nov-2024 11:33:29.130 INFO [main] org.apache.catalina.startup.VersionLoggerListener.log Command line argument: -Dcatalina.base=C:\Users\hp\Documents\Esami In Corso\System Sec\Homework\SysSec\HW3\apache-tomcat-11.0.0
15-Nov-2024 11:33:29.130 INFO [main] org.apache.catalina.startup.VersionLoggerListener.log Command line argument: -Dcatalina.home=C:\Users\hp\Documents\Esami In Corso\System Sec\Homework\SysSec\HW3\apache-tomcat-11.0.0
15-Nov-2024 11:33:29.130 INFO [main] org.apache.catalina.startup.VersionLoggerListener.log Command line argument: -Djava.io.tmpdir=C:\Users\hp\Documents\Esami In Corso\System Sec\Homework\SysSec\HW3\apache-tomcat-11.0.0\temp
15-Nov-2024 11:33:29.130 INFO [main] org.apache.catalina.core.AprLifecycleListener.lifecycleEvent The Apache Tomcat Native library which allows using OpenSSL was not found on the java.library.path: [C:\jdk-21.0.1\bin;C:\windows\Sun\Java\bin;C:\windows\system32;C:\windows;C:\Program Files (x86)\NVIDIA Corporation\PhysX\Common;C:\Program Files (x86)\VMware\VMware Player\bin\;C:\Program Files (x86)\Common Files\Oracle\Java\javapath;C:\windows\system32;C:\windows;C:\windows\System32\Wbem;C:\windows\System32\WindowsPowerShell\v1.0\;C:\windows\System32\OpenSSH\;C:\Program Files\dotnet\;C:\Program Files\nodejs\;C:\Program Files\Git\cmd;C:\Program Files (x86)\Ghdl\Bin;C:\Program Files\Unity\Hub\Editor\2022.3.21f1\Editor\Data\PlaybackEngines\AndroidPlayer\SDK\tools\bin;C:\Users\hp\AppData\Local\Programs\Python\Python311;C:\Users\hp\AppData\Local\Programs\Python\Python311\python.exe;C:\Users\hp\AppData\Local\Programs\Python\Python311\Scripts\;C:\Program Files\OpenSSL-Win64\bin;C:\Program Files\Vault;C:\apache-maven-3.9.6\bin;C:\jdk-21.0.1\bin;C:\Users\hp\AppData\Local\Microsoft\WindowsApps;C:\Users\hp\AppData\Local\Programs\Microsoft VS Code\bin;C:\Users\hp\AppData\Roaming\npm;C:\Program Files (x86)\Ghdl\bin;C:\Users\hp\Documents\ASDI\Software\gtkwave-3.3.90-bin-win64\gtkwave64\bin;C:\Program Files\JetBrains\IntelliJ IDEA Community Edition 2023.2.2\bin;;C:\apache-maven-3.9.6\bin;C:\Program Files (x86)\GnuWin32\bin;C:\Users\hp\.dotnet\tools;.]
15-Nov-2024 11:33:29.488 INFO [main] org.apache.coyote.AbstractProtocol.init Initializing ProtocolHandler ["https-jsse-nio-8443"]
15-Nov-2024 11:33:29.900 INFO [main] org.apache.tomcat.util.net.AbstractEndpoint.logCertificate Connector [https-jsse-nio-8443], TLS virtual host [_default_], certificate type [UNDEFINED] configured from keystore [C:\Users\hp\Documents\Esami In Corso\System Sec\Homework\SysSec\Risorse\keystore.p12] using alias [tomcat] with trust store [null]
15-Nov-2024 11:33:29.922 INFO [main] org.apache.catalina.startup.Catalina.load Server initialization in [1008] milliseconds
15-Nov-2024 11:33:29.990 INFO [main] org.apache.catalina.core.StandardService.startInternal Starting service [Catalina]
15-Nov-2024 11:33:29.991 INFO [main] org.apache.catalina.core.StandardEngine.startInternal Starting Servlet engine: [Apache Tomcat/11.0.0]
15-Nov-2024 11:33:30.006 INFO [main] org.apache.catalina.startup.HostConfig.deployDirectory Deploying web application directory [C:\Users\hp\Documents\Esami In Corso\System Sec\Homework\SysSec\HW3\apache-tomcat-11.0.0\webapps\docs]
15-Nov-2024 11:33:30.386 INFO [main] org.apache.catalina.startup.HostConfig.deployDirectory Deployment of web application directory [C:\Users\hp\Documents\Esami In Corso\System Sec\Homework\SysSec\HW3\apache-tomcat-11.0.0\webapps\docs] has finished in [379] ms
15-Nov-2024 11:33:30.386 INFO [main] org.apache.catalina.startup.HostConfig.deployDirectory Deploying web application directory [C:\Users\hp\Documents\Esami In Corso\System Sec\Homework\SysSec\HW3\apache-tomcat-11.0.0\webapps\examples]
15-Nov-2024 11:33:30.942 INFO [main] org.apache.catalina.startup.HostConfig.deployDirectory Deployment of web application directory [C:\Users\hp\Documents\Esami In Corso\System Sec\Homework\SysSec\HW3\apache-tomcat-11.0.0\webapps\examples] has finished in [556] ms
15-Nov-2024 11:33:30.943 INFO [main] org.apache.catalina.startup.HostConfig.deployDirectory Deploying web application directory [C:\Users\hp\Documents\Esami In Corso\System Sec\Homework\SysSec\HW3\apache-tomcat-11.0.0\webapps\host-manager]
15-Nov-2024 11:33:31.064 INFO [main] org.apache.catalina.startup.HostConfig.deployDirectory Deployment of web application directory [C:\Users\hp\Documents\Esami In Corso\System Sec\Homework\SysSec\HW3\apache-tomcat-11.0.0\webapps\host-manager] has finished in [120] ms
15-Nov-2024 11:33:31.064 INFO [main] org.apache.catalina.startup.HostConfig.deployDirectory Deploying web application directory [C:\Users\hp\Documents\Esami In Corso\System Sec\Homework\SysSec\HW3\apache-tomcat-11.0.0\webapps\manager]
15-Nov-2024 11:33:31.146 INFO [main] org.apache.catalina.startup.HostConfig.deployDirectory Deployment of web application directory [C:\Users\hp\Documents\Esami In Corso\System Sec\Homework\SysSec\HW3\apache-tomcat-11.0.0\webapps\manager] has finished in [81] ms
15-Nov-2024 11:33:31.148 INFO [main] org.apache.catalina.startup.HostConfig.deployDirectory Deploying web application directory [C:\Users\hp\Documents\Esami In Corso\System Sec\Homework\SysSec\HW3\apache-tomcat-11.0.0\webapps\ROOT]
15-Nov-2024 11:33:31.213 INFO [main] org.apache.catalina.startup.HostConfig.deployDirectory Deployment of web application directory [C:\Users\hp\Documents\Esami In Corso\System Sec\Homework\SysSec\HW3\apache-tomcat-11.0.0\webapps\ROOT] has finished in [65] ms
15-Nov-2024 11:33:31.214 INFO [main] org.apache.catalina.startup.HostConfig.deployDirectory Deploying web application directory [C:\Users\hp\Documents\Esami In Corso\System Sec\Homework\SysSec\HW3\apache-tomcat-11.0.0\webapps\ROOT_base]
15-Nov-2024 11:33:31.245 INFO [main] org.apache.catalina.startup.HostConfig.deployDirectory Deployment of web application directory [C:\Users\hp\Documents\Esami In Corso\System Sec\Homework\SysSec\HW3\apache-tomcat-11.0.0\webapps\ROOT_base] has finished in [31] ms
15-Nov-2024 11:33:31.255 INFO [main] org.apache.coyote.AbstractProtocol.start Starting ProtocolHandler ["https-jsse-nio-8443"]
15-Nov-2024 11:33:31.286 INFO [main] org.apache.catalina.startup.Catalina.start Server startup in [1362] milliseconds
15-Nov-2024 11:47:28.942 INFO [main] org.apache.catalina.core.StandardServer.await A valid shutdown command was received via the shutdown port. Stopping the Server instance.
15-Nov-2024 11:47:28.943 INFO [main] org.apache.coyote.AbstractProtocol.pause Pausing ProtocolHandler ["https-jsse-nio-8443"]
15-Nov-2024 11:47:28.951 INFO [main] org.apache.catalina.core.StandardService.stopInternal Stopping service [Catalina]
15-Nov-2024 11:47:29.063 INFO [main] org.apache.coyote.AbstractProtocol.stop Stopping ProtocolHandler ["https-jsse-nio-8443"]
15-Nov-2024 11:47:29.078 INFO [main] org.apache.coyote.AbstractProtocol.destroy Destroying ProtocolHandler ["https-jsse-nio-8443"]
