13-Nov-2024 15:39:37.325 WARNING [main] org.apache.tomcat.util.digester.SetPropertiesRule.begin Match [Server/Service/Connector] failed to set property [clientAuth] to [false]
13-Nov-2024 15:39:37.430 INFO [main] org.apache.catalina.startup.VersionLoggerListener.log Server version name:   Apache Tomcat/11.0.0
13-Nov-2024 15:39:37.431 INFO [main] org.apache.catalina.startup.VersionLoggerListener.log Server built:          Oct 3 2024 17:00:16 UTC
13-Nov-2024 15:39:37.431 INFO [main] org.apache.catalina.startup.VersionLoggerListener.log Server version number: 11.0.0.0
13-Nov-2024 15:39:37.431 INFO [main] org.apache.catalina.startup.VersionLoggerListener.log OS Name:               Windows 11
13-Nov-2024 15:39:37.432 INFO [main] org.apache.catalina.startup.VersionLoggerListener.log OS Version:            10.0
13-Nov-2024 15:39:37.432 INFO [main] org.apache.catalina.startup.VersionLoggerListener.log Architecture:          amd64
13-Nov-2024 15:39:37.432 INFO [main] org.apache.catalina.startup.VersionLoggerListener.log Java Home:             C:\jdk-21.0.1
13-Nov-2024 15:39:37.432 INFO [main] org.apache.catalina.startup.VersionLoggerListener.log JVM Version:           21.0.1+12-29
13-Nov-2024 15:39:37.432 INFO [main] org.apache.catalina.startup.VersionLoggerListener.log JVM Vendor:            Oracle Corporation
13-Nov-2024 15:39:37.432 INFO [main] org.apache.catalina.startup.VersionLoggerListener.log CATALINA_BASE:         C:\Users\hp\Documents\Esami In Corso\System Sec\Homework\SysSec\HW3\apache-tomcat-11.0.0
13-Nov-2024 15:39:37.433 INFO [main] org.apache.catalina.startup.VersionLoggerListener.log CATALINA_HOME:         C:\Users\hp\Documents\Esami In Corso\System Sec\Homework\SysSec\HW3\apache-tomcat-11.0.0
13-Nov-2024 15:39:37.433 INFO [main] org.apache.catalina.startup.VersionLoggerListener.log Command line argument: -Djava.util.logging.config.file=C:\Users\hp\Documents\Esami In Corso\System Sec\Homework\SysSec\HW3\apache-tomcat-11.0.0\conf\logging.properties
13-Nov-2024 15:39:37.434 INFO [main] org.apache.catalina.startup.VersionLoggerListener.log Command line argument: -Djava.util.logging.manager=org.apache.juli.ClassLoaderLogManager
13-Nov-2024 15:39:37.434 INFO [main] org.apache.catalina.startup.VersionLoggerListener.log Command line argument: -Djdk.tls.ephemeralDHKeySize=2048
13-Nov-2024 15:39:37.434 INFO [main] org.apache.catalina.startup.VersionLoggerListener.log Command line argument: --add-opens=java.base/java.lang=ALL-UNNAMED
13-Nov-2024 15:39:37.434 INFO [main] org.apache.catalina.startup.VersionLoggerListener.log Command line argument: --add-opens=java.base/java.io=ALL-UNNAMED
13-Nov-2024 15:39:37.434 INFO [main] org.apache.catalina.startup.VersionLoggerListener.log Command line argument: --add-opens=java.base/java.util=ALL-UNNAMED
13-Nov-2024 15:39:37.435 INFO [main] org.apache.catalina.startup.VersionLoggerListener.log Command line argument: --add-opens=java.base/java.util.concurrent=ALL-UNNAMED
13-Nov-2024 15:39:37.435 INFO [main] org.apache.catalina.startup.VersionLoggerListener.log Command line argument: --add-opens=java.rmi/sun.rmi.transport=ALL-UNNAMED
13-Nov-2024 15:39:37.435 INFO [main] org.apache.catalina.startup.VersionLoggerListener.log Command line argument: --enable-native-access=ALL-UNNAMED
13-Nov-2024 15:39:37.435 INFO [main] org.apache.catalina.startup.VersionLoggerListener.log Command line argument: -Dcatalina.base=C:\Users\hp\Documents\Esami In Corso\System Sec\Homework\SysSec\HW3\apache-tomcat-11.0.0
13-Nov-2024 15:39:37.435 INFO [main] org.apache.catalina.startup.VersionLoggerListener.log Command line argument: -Dcatalina.home=C:\Users\hp\Documents\Esami In Corso\System Sec\Homework\SysSec\HW3\apache-tomcat-11.0.0
13-Nov-2024 15:39:37.436 INFO [main] org.apache.catalina.startup.VersionLoggerListener.log Command line argument: -Djava.io.tmpdir=C:\Users\hp\Documents\Esami In Corso\System Sec\Homework\SysSec\HW3\apache-tomcat-11.0.0\temp
13-Nov-2024 15:39:37.444 INFO [main] org.apache.catalina.core.AprLifecycleListener.lifecycleEvent The Apache Tomcat Native library which allows using OpenSSL was not found on the java.library.path: [C:\jdk-21.0.1\bin;C:\windows\Sun\Java\bin;C:\windows\system32;C:\windows;C:\Program Files (x86)\NVIDIA Corporation\PhysX\Common;C:\Program Files (x86)\VMware\VMware Player\bin\;C:\Program Files (x86)\Common Files\Oracle\Java\javapath;C:\windows\system32;C:\windows;C:\windows\System32\Wbem;C:\windows\System32\WindowsPowerShell\v1.0\;C:\windows\System32\OpenSSH\;C:\Program Files\dotnet\;C:\Program Files\nodejs\;C:\Program Files\Git\cmd;C:\Program Files (x86)\Ghdl\Bin;C:\Program Files\Unity\Hub\Editor\2022.3.21f1\Editor\Data\PlaybackEngines\AndroidPlayer\SDK\tools\bin;C:\Users\hp\AppData\Local\Programs\Python\Python311;C:\Users\hp\AppData\Local\Programs\Python\Python311\python.exe;C:\Users\hp\AppData\Local\Programs\Python\Python311\Scripts\;C:\Program Files\OpenSSL-Win64\bin;C:\Program Files\Vault;C:\Users\hp\AppData\Local\Microsoft\WindowsApps;C:\Users\hp\AppData\Local\Programs\Microsoft VS Code\bin;C:\Users\hp\AppData\Roaming\npm;C:\Program Files (x86)\Ghdl\bin;C:\Users\hp\Documents\ASDI\Software\gtkwave-3.3.90-bin-win64\gtkwave64\bin;C:\Program Files\JetBrains\IntelliJ IDEA Community Edition 2023.2.2\bin;;C:\apache-maven-3.9.6\bin;C:\Program Files (x86)\GnuWin32\bin;C:\Users\hp\.dotnet\tools;.]
13-Nov-2024 15:39:37.850 INFO [main] org.apache.coyote.AbstractProtocol.init Initializing ProtocolHandler ["https-jsse-nio-8443"]
13-Nov-2024 15:39:38.253 INFO [main] org.apache.tomcat.util.net.AbstractEndpoint.logCertificate Connector [https-jsse-nio-8443], TLS virtual host [_default_], certificate type [RSA] configured from key [C:\Users\hp\Documents\Esami In Corso\System Sec\Homework\SysSec\Risorse\private.key], certificate [C:\Users\hp\Documents\Esami In Corso\System Sec\Homework\SysSec\Risorse\certificate.crt] and certificate chain [null] with trust store [null]
13-Nov-2024 15:39:38.280 INFO [main] org.apache.catalina.startup.Catalina.load Server initialization in [1122] milliseconds
13-Nov-2024 15:39:38.373 INFO [main] org.apache.catalina.core.StandardService.startInternal Starting service [Catalina]
13-Nov-2024 15:39:38.374 INFO [main] org.apache.catalina.core.StandardEngine.startInternal Starting Servlet engine: [Apache Tomcat/11.0.0]
13-Nov-2024 15:39:38.387 INFO [main] org.apache.catalina.startup.HostConfig.deployDirectory Deploying web application directory [C:\Users\hp\Documents\Esami In Corso\System Sec\Homework\SysSec\HW3\apache-tomcat-11.0.0\webapps\docs]
13-Nov-2024 15:39:38.744 INFO [main] org.apache.catalina.startup.HostConfig.deployDirectory Deployment of web application directory [C:\Users\hp\Documents\Esami In Corso\System Sec\Homework\SysSec\HW3\apache-tomcat-11.0.0\webapps\docs] has finished in [357] ms
13-Nov-2024 15:39:38.745 INFO [main] org.apache.catalina.startup.HostConfig.deployDirectory Deploying web application directory [C:\Users\hp\Documents\Esami In Corso\System Sec\Homework\SysSec\HW3\apache-tomcat-11.0.0\webapps\examples]
13-Nov-2024 15:39:40.881 INFO [main] org.apache.catalina.startup.HostConfig.deployDirectory Deployment of web application directory [C:\Users\hp\Documents\Esami In Corso\System Sec\Homework\SysSec\HW3\apache-tomcat-11.0.0\webapps\examples] has finished in [2,136] ms
13-Nov-2024 15:39:40.882 INFO [main] org.apache.catalina.startup.HostConfig.deployDirectory Deploying web application directory [C:\Users\hp\Documents\Esami In Corso\System Sec\Homework\SysSec\HW3\apache-tomcat-11.0.0\webapps\host-manager]
13-Nov-2024 15:39:40.931 INFO [main] org.apache.catalina.startup.HostConfig.deployDirectory Deployment of web application directory [C:\Users\hp\Documents\Esami In Corso\System Sec\Homework\SysSec\HW3\apache-tomcat-11.0.0\webapps\host-manager] has finished in [49] ms
13-Nov-2024 15:39:40.931 INFO [main] org.apache.catalina.startup.HostConfig.deployDirectory Deploying web application directory [C:\Users\hp\Documents\Esami In Corso\System Sec\Homework\SysSec\HW3\apache-tomcat-11.0.0\webapps\manager]
13-Nov-2024 15:39:40.975 INFO [main] org.apache.catalina.startup.HostConfig.deployDirectory Deployment of web application directory [C:\Users\hp\Documents\Esami In Corso\System Sec\Homework\SysSec\HW3\apache-tomcat-11.0.0\webapps\manager] has finished in [43] ms
13-Nov-2024 15:39:40.975 INFO [main] org.apache.catalina.startup.HostConfig.deployDirectory Deploying web application directory [C:\Users\hp\Documents\Esami In Corso\System Sec\Homework\SysSec\HW3\apache-tomcat-11.0.0\webapps\ROOT]
13-Nov-2024 15:39:41.009 INFO [main] org.apache.catalina.startup.HostConfig.deployDirectory Deployment of web application directory [C:\Users\hp\Documents\Esami In Corso\System Sec\Homework\SysSec\HW3\apache-tomcat-11.0.0\webapps\ROOT] has finished in [34] ms
13-Nov-2024 15:39:41.010 INFO [main] org.apache.catalina.startup.HostConfig.deployDirectory Deploying web application directory [C:\Users\hp\Documents\Esami In Corso\System Sec\Homework\SysSec\HW3\apache-tomcat-11.0.0\webapps\ROOT_base]
13-Nov-2024 15:39:41.043 INFO [main] org.apache.catalina.startup.HostConfig.deployDirectory Deployment of web application directory [C:\Users\hp\Documents\Esami In Corso\System Sec\Homework\SysSec\HW3\apache-tomcat-11.0.0\webapps\ROOT_base] has finished in [33] ms
13-Nov-2024 15:39:41.049 INFO [main] org.apache.coyote.AbstractProtocol.start Starting ProtocolHandler ["https-jsse-nio-8443"]
13-Nov-2024 15:39:41.081 INFO [main] org.apache.catalina.startup.Catalina.start Server startup in [2797] milliseconds
