23-Dec-2024 11:57:31.878 WARNING [main] org.apache.tomcat.util.digester.SetPropertiesRule.begin Match [Server/Service/Connector] failed to set property [clientAuth] to [false]
23-Dec-2024 11:57:31.897 WARNING [main] org.apache.tomcat.util.digester.Digester.endElement No rules found matching [Server/Service/Connector/SSLHostConfig/Protocols/Protocol]
23-Dec-2024 11:57:31.897 WARNING [main] org.apache.tomcat.util.digester.Digester.endElement No rules found matching [Server/Service/Connector/SSLHostConfig/Protocols/Protocol]
23-Dec-2024 11:57:31.897 WARNING [main] org.apache.tomcat.util.digester.Digester.endElement No rules found matching [Server/Service/Connector/SSLHostConfig/Protocols]
23-Dec-2024 11:57:31.898 WARNING [main] org.apache.tomcat.util.digester.Digester.endElement No rules found matching [Server/Service/Connector/SSLHostConfig/Ciphers/Cipher]
23-Dec-2024 11:57:31.901 WARNING [main] org.apache.tomcat.util.digester.Digester.endElement No rules found matching [Server/Service/Connector/SSLHostConfig/Ciphers/Cipher]
23-Dec-2024 11:57:31.901 WARNING [main] org.apache.tomcat.util.digester.Digester.endElement No rules found matching [Server/Service/Connector/SSLHostConfig/Ciphers/Cipher]
23-Dec-2024 11:57:31.901 WARNING [main] org.apache.tomcat.util.digester.Digester.endElement No rules found matching [Server/Service/Connector/SSLHostConfig/Ciphers]
23-Dec-2024 11:57:31.948 INFO [main] org.apache.catalina.startup.VersionLoggerListener.log Server version name:   Apache Tomcat/11.0.0
23-Dec-2024 11:57:31.949 INFO [main] org.apache.catalina.startup.VersionLoggerListener.log Server built:          Oct 3 2024 17:00:16 UTC
23-Dec-2024 11:57:31.950 INFO [main] org.apache.catalina.startup.VersionLoggerListener.log Server version number: 11.0.0.0
23-Dec-2024 11:57:31.950 INFO [main] org.apache.catalina.startup.VersionLoggerListener.log OS Name:               Windows 11
23-Dec-2024 11:57:31.950 INFO [main] org.apache.catalina.startup.VersionLoggerListener.log OS Version:            10.0
23-Dec-2024 11:57:31.950 INFO [main] org.apache.catalina.startup.VersionLoggerListener.log Architecture:          amd64
23-Dec-2024 11:57:31.951 INFO [main] org.apache.catalina.startup.VersionLoggerListener.log Java Home:             C:\jdk-21.0.1
23-Dec-2024 11:57:31.951 INFO [main] org.apache.catalina.startup.VersionLoggerListener.log JVM Version:           21.0.1+12-29
23-Dec-2024 11:57:31.952 INFO [main] org.apache.catalina.startup.VersionLoggerListener.log JVM Vendor:            Oracle Corporation
23-Dec-2024 11:57:31.952 INFO [main] org.apache.catalina.startup.VersionLoggerListener.log CATALINA_BASE:         C:\Users\hp\Documents\Esami In Corso\System Sec\Homework\SysSec\HW3\apache-tomcat-11.0.0
23-Dec-2024 11:57:31.953 INFO [main] org.apache.catalina.startup.VersionLoggerListener.log CATALINA_HOME:         C:\Users\hp\Documents\Esami In Corso\System Sec\Homework\SysSec\HW3\apache-tomcat-11.0.0
23-Dec-2024 11:57:31.953 INFO [main] org.apache.catalina.startup.VersionLoggerListener.log Command line argument: -Djava.util.logging.config.file=C:\Users\hp\Documents\Esami In Corso\System Sec\Homework\SysSec\HW3\apache-tomcat-11.0.0\conf\logging.properties
23-Dec-2024 11:57:31.953 INFO [main] org.apache.catalina.startup.VersionLoggerListener.log Command line argument: -Djava.util.logging.manager=org.apache.juli.ClassLoaderLogManager
23-Dec-2024 11:57:31.953 INFO [main] org.apache.catalina.startup.VersionLoggerListener.log Command line argument: -Djdk.tls.ephemeralDHKeySize=2048
23-Dec-2024 11:57:31.953 INFO [main] org.apache.catalina.startup.VersionLoggerListener.log Command line argument: --add-opens=java.base/java.lang=ALL-UNNAMED
23-Dec-2024 11:57:31.954 INFO [main] org.apache.catalina.startup.VersionLoggerListener.log Command line argument: --add-opens=java.base/java.io=ALL-UNNAMED
23-Dec-2024 11:57:31.954 INFO [main] org.apache.catalina.startup.VersionLoggerListener.log Command line argument: --add-opens=java.base/java.util=ALL-UNNAMED
23-Dec-2024 11:57:31.954 INFO [main] org.apache.catalina.startup.VersionLoggerListener.log Command line argument: --add-opens=java.base/java.util.concurrent=ALL-UNNAMED
23-Dec-2024 11:57:31.955 INFO [main] org.apache.catalina.startup.VersionLoggerListener.log Command line argument: --add-opens=java.rmi/sun.rmi.transport=ALL-UNNAMED
23-Dec-2024 11:57:31.955 INFO [main] org.apache.catalina.startup.VersionLoggerListener.log Command line argument: --enable-native-access=ALL-UNNAMED
23-Dec-2024 11:57:31.955 INFO [main] org.apache.catalina.startup.VersionLoggerListener.log Command line argument: -Dcatalina.base=C:\Users\hp\Documents\Esami In Corso\System Sec\Homework\SysSec\HW3\apache-tomcat-11.0.0
23-Dec-2024 11:57:31.955 INFO [main] org.apache.catalina.startup.VersionLoggerListener.log Command line argument: -Dcatalina.home=C:\Users\hp\Documents\Esami In Corso\System Sec\Homework\SysSec\HW3\apache-tomcat-11.0.0
23-Dec-2024 11:57:31.955 INFO [main] org.apache.catalina.startup.VersionLoggerListener.log Command line argument: -Djava.io.tmpdir=C:\Users\hp\Documents\Esami In Corso\System Sec\Homework\SysSec\HW3\apache-tomcat-11.0.0\temp
23-Dec-2024 11:57:31.961 INFO [main] org.apache.catalina.core.AprLifecycleListener.lifecycleEvent The Apache Tomcat Native library which allows using OpenSSL was not found on the java.library.path: [C:\jdk-21.0.1\bin;C:\windows\Sun\Java\bin;C:\windows\system32;C:\windows;C:\Program Files (x86)\VMware\VMware Workstation\bin\;C:\Program Files (x86)\NVIDIA Corporation\PhysX\Common;C:\Program Files (x86)\Common Files\Oracle\Java\javapath;C:\windows\system32;C:\windows;C:\windows\System32\Wbem;C:\windows\System32\WindowsPowerShell\v1.0\;C:\windows\System32\OpenSSH\;C:\Program Files\dotnet\;C:\Program Files\nodejs\;C:\Program Files\Git\cmd;C:\Program Files (x86)\Ghdl\Bin;C:\Program Files\Unity\Hub\Editor\2022.3.21f1\Editor\Data\PlaybackEngines\AndroidPlayer\SDK\tools\bin;C:\Users\hp\AppData\Local\Programs\Python\Python311;C:\Users\hp\AppData\Local\Programs\Python\Python311\python.exe;C:\Users\hp\AppData\Local\Programs\Python\Python311\Scripts\;C:\Program Files\OpenSSL-Win64\bin;C:\Program Files\Vault;C:\apache-maven-3.9.6\bin;C:\jdk-21.0.1\bin;C:\OpenLDAP;;C:\Program Files\Docker\Docker\resources\bin;C:\Users\hp\AppData\Local\Microsoft\WindowsApps;C:\Users\hp\AppData\Local\Programs\Microsoft VS Code\bin;C:\Users\hp\AppData\Roaming\npm;C:\Program Files (x86)\Ghdl\bin;C:\Users\hp\Documents\ASDI\Software\gtkwave-3.3.90-bin-win64\gtkwave64\bin;C:\Program Files\JetBrains\IntelliJ IDEA Community Edition 2023.2.2\bin;;C:\apache-maven-3.9.6\bin;C:\Program Files (x86)\GnuWin32\bin;C:\Users\hp\.dotnet\tools;.]
23-Dec-2024 11:57:32.370 INFO [main] org.apache.coyote.AbstractProtocol.init Initializing ProtocolHandler ["https-jsse-nio-8443"]
23-Dec-2024 11:57:32.840 INFO [main] org.apache.tomcat.util.net.AbstractEndpoint.logCertificate Connector [https-jsse-nio-8443], TLS virtual host [_default_], certificate type [RSA] configured from key [C:\Users\hp\Documents\Esami In Corso\System Sec\Homework\SysSec\Risorse\private.key], certificate [C:\Users\hp\Documents\Esami In Corso\System Sec\Homework\SysSec\Risorse\certificate.crt] and certificate chain [null] with trust store [null]
23-Dec-2024 11:57:32.863 INFO [main] org.apache.catalina.startup.Catalina.load Server initialization in [1212] milliseconds
23-Dec-2024 11:57:32.930 INFO [main] org.apache.catalina.core.StandardService.startInternal Starting service [Catalina]
23-Dec-2024 11:57:32.931 INFO [main] org.apache.catalina.core.StandardEngine.startInternal Starting Servlet engine: [Apache Tomcat/11.0.0]
23-Dec-2024 11:57:32.942 INFO [main] org.apache.catalina.startup.HostConfig.deployDirectory Deploying web application directory [C:\Users\hp\Documents\Esami In Corso\System Sec\Homework\SysSec\HW3\apache-tomcat-11.0.0\webapps\manager]
23-Dec-2024 11:57:33.302 INFO [main] org.apache.catalina.startup.HostConfig.deployDirectory Deployment of web application directory [C:\Users\hp\Documents\Esami In Corso\System Sec\Homework\SysSec\HW3\apache-tomcat-11.0.0\webapps\manager] has finished in [360] ms
23-Dec-2024 11:57:33.302 INFO [main] org.apache.catalina.startup.HostConfig.deployDirectory Deploying web application directory [C:\Users\hp\Documents\Esami In Corso\System Sec\Homework\SysSec\HW3\apache-tomcat-11.0.0\webapps\ROOT]
23-Dec-2024 11:57:33.349 INFO [main] org.apache.catalina.startup.HostConfig.deployDirectory Deployment of web application directory [C:\Users\hp\Documents\Esami In Corso\System Sec\Homework\SysSec\HW3\apache-tomcat-11.0.0\webapps\ROOT] has finished in [47] ms
23-Dec-2024 11:57:33.349 INFO [main] org.apache.coyote.AbstractProtocol.start Starting ProtocolHandler ["https-jsse-nio-8443"]
23-Dec-2024 11:57:33.371 INFO [main] org.apache.catalina.startup.Catalina.start Server startup in [507] milliseconds
23-Dec-2024 11:58:39.872 INFO [Thread-1] org.apache.coyote.AbstractProtocol.pause Pausing ProtocolHandler ["https-jsse-nio-8443"]
23-Dec-2024 11:58:39.891 INFO [Thread-1] org.apache.catalina.core.StandardService.stopInternal Stopping service [Catalina]
23-Dec-2024 11:58:39.925 INFO [Thread-1] org.apache.coyote.AbstractProtocol.stop Stopping ProtocolHandler ["https-jsse-nio-8443"]
23-Dec-2024 11:58:39.949 INFO [Thread-1] org.apache.coyote.AbstractProtocol.destroy Destroying ProtocolHandler ["https-jsse-nio-8443"]
